Arguments: 
  D:\nvmNodejs\node.exe D:\nvmNodejs\node_modules\yarn\bin\yarn.js

PATH: 
  E:\Program Files (x86)\VMware\VMware Workstation\bin\;C:\WINDOWS\system32;C:\WINDOWS;C:\WINDOWS\System32\Wbem;C:\WINDOWS\System32\WindowsPowerShell\v1.0\;C:\WINDOWS\System32\OpenSSH\;C:\Program Files (x86)\NVIDIA Corporation\PhysX\Common;e:\Program Files\Git\cmd;G:\nvm;D:\nvmNodejs;e:\Program Files (x86)\Tencent\微信web开发者工具\dll;C:\Users\Administrator\AppData\Local\Microsoft\WindowsApps;G:\mysql-5.7.9-winx64\bin;G:\apache-maven-3.6.3\bin;G:\Java\jdk1.8.0_202\bin;G:\spring-1.3.0.RELEASE\bin;G:\Python27;d:\Program Files (x86)\Tencent\QQGameTempest\Hall.57915\;G:\nvm;D:\nvmNodejs

Yarn version: 
  1.22.19

Node version: 
  14.21.0

Platform: 
  win32 x64

Trace: 
  Error: EBUSY: resource busy or locked, rmdir 'F:\code\shop\my-electron-app\node_modules\electron'

npm manifest: 
  {
    "name": "my-electron-app",
    "version": "1.0.0",
    "description": "123",
    "main": "main.js",
    "scripts": {
      "test": "echo \"Error: no test specified\" && exit 1"
    },
    "author": "cc",
    "license": "ISC",
    "scripts": {
      "start": "electron"
    }
  }

yarn manifest: 
  No manifest

Lockfile: 
  No lockfile
